0 verbose cli /usr/local/bin/node /usr/local/bin/npm
1 info using npm@11.6.2
2 info using node@v24.12.0
3 silly config load:file:/usr/local/lib/node_modules/npm/npmrc
4 silly config load:file:/Users/doratang/projects/fortune-teller/.npmrc
5 silly config load:file:/Users/doratang/.npmrc
6 silly config load:file:/usr/local/etc/npmrc
7 verbose title npm search iching
8 verbose argv "search" "iching" "--json"
9 verbose logfile logs-max:10 dir:/Users/doratang/projects/fortune-teller/.npm-cache/_logs/2026-01-09T05_46_31_300Z-
10 verbose logfile /Users/doratang/projects/fortune-teller/.npm-cache/_logs/2026-01-09T05_46_31_300Z-debug-0.log
11 silly logfile done cleaning log files
12 silly search searching packages
13 http fetch GET 200 https://registry.npmjs.org/-/v1/search?text=iching&size=20&from=0&quality=0.65&popularity=0.98&maintenance=0.5 814ms (cache miss)
14 silly search search completed
15 verbose cwd /Users/doratang/projects/fortune-teller
16 verbose os Darwin 24.3.0
17 verbose node v24.12.0
18 verbose npm  v11.6.2
19 verbose exit 0
20 info ok
